This is pdfTeX, Version 3.141592653-2.6-1.40.25 (MiKTeX 23.10) (preloaded format=pdflatex 2023.11.16)  27 FEB 2025 21:42
entering extended mode
 restricted \write18 enabled.
 file:line:error style messages enabled.
 %&-line parsing enabled.
**"d:/PhD Computer Science/PhD-Thesis/phd-thesis.tex"
(d:/PhD Computer Science/PhD-Thesis/phd-thesis.tex
LaTeX2e <2023-06-01> patch level 1
L3 programming layer <2023-08-29>
(C:\Users\Richard\AppData\Local\Programs\MiKTeX\tex/latex/base\article.cls
Document Class: article 2023/05/17 v1.4n Standard LaTeX document class
(C:\Users\Richard\AppData\Local\Programs\MiKTeX\tex/latex/base\size12.clo
File: size12.clo 2023/05/17 v1.4n Standard LaTeX file (size option)
)
\c@part=\count185
\c@section=\count186
\c@subsection=\count187
\c@subsubsection=\count188
\c@paragraph=\count189
\c@subparagraph=\count190
\c@figure=\count191
\c@table=\count192
\abovecaptionskip=\skip48
\belowcaptionskip=\skip49
\bibindent=\dimen140
) (C:\Users\Richard\AppData\Local\Programs\MiKTeX\tex/latex/graphics\graphicx.sty
Package: graphicx 2021/09/16 v1.2d Enhanced LaTeX Graphics (DPC,SPQR)
 (C:\Users\Richard\AppData\Local\Programs\MiKTeX\tex/latex/graphics\keyval.sty
Package: keyval 2022/05/29 v1.15 key=value parser (DPC)
\KV@toks@=\toks17
) (C:\Users\Richard\AppData\Local\Programs\MiKTeX\tex/latex/graphics\graphics.sty
Package: graphics 2022/03/10 v1.4e Standard LaTeX Graphics (DPC,SPQR)
 (C:\Users\Richard\AppData\Local\Programs\MiKTeX\tex/latex/graphics\trig.sty
Package: trig 2021/08/11 v1.11 sin cos tan (DPC)
) (C:\Users\Richard\AppData\Local\Programs\MiKTeX\tex/latex/graphics-cfg\graphics.cfg
File: graphics.cfg 2016/06/04 v1.11 sample graphics configuration
)
Package graphics Info: Driver file: pdftex.def on input line 107.
 (C:\Users\Richard\AppData\Local\Programs\MiKTeX\tex/latex/graphics-def\pdftex.def
File: pdftex.def 2022/09/22 v1.2b Graphics/color driver for pdftex
))
\Gin@req@height=\dimen141
\Gin@req@width=\dimen142
) (C:\Users\Richard\AppData\Local\Programs\MiKTeX\tex/latex/titling\titling.sty
Package: titling 2009/09/04 v2.1d maketitle typesetting
\thanksmarkwidth=\skip50
\thanksmargin=\skip51
\droptitle=\skip52
) (C:\Users\Richard\AppData\Local\Programs\MiKTeX\tex/latex/url\url.sty
\Urlmuskip=\muskip16
Package: url 2013/09/16  ver 3.4  Verb mode for urls, etc.
) (C:\Users\Richard\AppData\Local\Programs\MiKTeX\tex/latex/parskip\parskip.sty
Package: parskip 2021-03-14 v2.0h non-zero parskip adjustments
 (C:\Users\Richard\AppData\Local\Programs\MiKTeX\tex/latex/kvoptions\kvoptions.sty
Package: kvoptions 2022-06-15 v3.15 Key value format for package options (HO)
 (C:\Users\Richard\AppData\Local\Programs\MiKTeX\tex/generic/ltxcmds\ltxcmds.sty
Package: ltxcmds 2020-05-10 v1.25 LaTeX kernel commands for general use (HO)
) (C:\Users\Richard\AppData\Local\Programs\MiKTeX\tex/latex/kvsetkeys\kvsetkeys.sty
Package: kvsetkeys 2022-10-05 v1.19 Key value parser (HO)
)) (C:\Users\Richard\AppData\Local\Programs\MiKTeX\tex/latex/etoolbox\etoolbox.sty
Package: etoolbox 2020/10/05 v2.5k e-TeX tools for LaTeX (JAW)
\etb@tempcnta=\count193
)) (C:\Users\Richard\AppData\Local\Programs\MiKTeX\tex/latex/l3backend\l3backend-pdftex.def
File: l3backend-pdftex.def 2023-04-19 L3 backend support: PDF output (pdfTeX)
\l__color_backend_stack_int=\count194
\l__pdf_internal_box=\box51
) (d:\PhD Computer Science\PhD-Thesis\LaTeX Source Files\phd-thesis.aux)
\openout1 = `phd-thesis.aux'.

LaTeX Font Info:    Checking defaults for OML/cmm/m/it on input line 21.
LaTeX Font Info:    ... okay on input line 21.
LaTeX Font Info:    Checking defaults for OMS/cmsy/m/n on input line 21.
LaTeX Font Info:    ... okay on input line 21.
LaTeX Font Info:    Checking defaults for OT1/cmr/m/n on input line 21.
LaTeX Font Info:    ... okay on input line 21.
LaTeX Font Info:    Checking defaults for T1/cmr/m/n on input line 21.
LaTeX Font Info:    ... okay on input line 21.
LaTeX Font Info:    Checking defaults for TS1/cmr/m/n on input line 21.
LaTeX Font Info:    ... okay on input line 21.
LaTeX Font Info:    Checking defaults for OMX/cmex/m/n on input line 21.
LaTeX Font Info:    ... okay on input line 21.
LaTeX Font Info:    Checking defaults for U/cmr/m/n on input line 21.
LaTeX Font Info:    ... okay on input line 21.
 (C:\Users\Richard\AppData\Local\Programs\MiKTeX\tex/context/base/mkii\supp-pdf.mkii
[Loading MPS to PDF converter (version 2006.09.02).]
\scratchcounter=\count195
\scratchdimen=\dimen143
\scratchbox=\box52
\nofMPsegments=\count196
\nofMParguments=\count197
\everyMPshowfont=\toks18
\MPscratchCnt=\count198
\MPscratchDim=\dimen144
\MPnumerator=\count199
\makeMPintoPDFobject=\count266
\everyMPtoPDFconversion=\toks19
) (C:\Users\Richard\AppData\Local\Programs\MiKTeX\tex/latex/epstopdf-pkg\epstopdf-base.sty
Package: epstopdf-base 2020-01-24 v2.11 Base part for package epstopdf
Package epstopdf-base Info: Redefining graphics rule for `.eps' on input line 485.
 (C:\Users\Richard\AppData\Local\Programs\MiKTeX\tex/latex/00miktex\epstopdf-sys.cfg
File: epstopdf-sys.cfg 2021/03/18 v2.0 Configuration of epstopdf for MiKTeX
))
<images/logo.jpeg, id=1, 564.60938pt x 323.70938pt>
File: images/logo.jpeg Graphic file (type jpg)
<use images/logo.jpeg>
Package pdftex.def Info: images/logo.jpeg  used on input line 23.
(pdftex.def)             Requested size: 77.99881pt x 44.71638pt.
LaTeX Font Info:    External font `cmex10' loaded for size
(Font)              <14.4> on input line 23.
LaTeX Font Info:    External font `cmex10' loaded for size
(Font)              <7> on input line 23.
 [1

{C:/Users/Richard/AppData/Local/MiKTeX/fonts/map/pdftex/pdftex.map} <./images/logo.jpeg>] [2] [3] (d:\PhD Computer Science\PhD-Thesis\LaTeX Source Files\phd-thesis.toc
LaTeX Font Info:    External font `cmex10' loaded for size
(Font)              <12> on input line 2.
LaTeX Font Info:    External font `cmex10' loaded for size
(Font)              <8> on input line 2.
LaTeX Font Info:    External font `cmex10' loaded for size
(Font)              <6> on input line 2.
 [4])
\tf@toc=\write3
\openout3 = `phd-thesis.toc'.

 [5] (d:\PhD Computer Science\PhD-Thesis\LaTeX Source Files\phd-thesis.lot)
\tf@lot=\write4
\openout4 = `phd-thesis.lot'.

 [6] (d:\PhD Computer Science\PhD-Thesis\LaTeX Source Files\phd-thesis.lof)
\tf@lof=\write5
\openout5 = `phd-thesis.lof'.

<images/tamar-class-lifeboat-stormworks.jpg, id=24, 2569.6pt x 1445.4pt>
File: images/tamar-class-lifeboat-stormworks.jpg Graphic file (type jpg)
<use images/tamar-class-lifeboat-stormworks.jpg>
Package pdftex.def Info: images/tamar-class-lifeboat-stormworks.jpg  used on input line 87.
(pdftex.def)             Requested size: 350.99762pt x 197.41429pt.


LaTeX Warning: `h' float specifier changed to `ht'.

<images/falklands-arma.jpg, id=25, 2569.6pt x 1445.4pt>
File: images/falklands-arma.jpg Graphic file (type jpg)
<use images/falklands-arma.jpg>
Package pdftex.def Info: images/falklands-arma.jpg  used on input line 96.
(pdftex.def)             Requested size: 350.99762pt x 197.41429pt.

LaTeX Warning: `h' float specifier changed to `ht'.

[7] [8 <./images/tamar-class-lifeboat-stormworks.jpg>] [9 <./images/falklands-arma.jpg>] [10]
LaTeX Font Info:    Trying to load font information for TS1+cmss on input line 140.
 (C:\Users\Richard\AppData\Local\Programs\MiKTeX\tex/latex/base\ts1cmss.fd
File: ts1cmss.fd 2023/04/13 v2.5m Standard LaTeX font definitions
) (d:\PhD Computer Science\PhD-Thesis\LaTeX Source Files\phd-thesis.bbl
Underfull \hbox (badness 1184) in paragraph at lines 25--27
[]\OT1/cmss/m/n/12 ``Arma 3,'' $https : / / store . steampowered . com / app / 107410 / Arma[]3/$, ac-
 []

[11]
Overfull \vbox (72.39938pt too high) has occurred while \output is active []

 [12]
Underfull \hbox (badness 10000) in paragraph at lines 29--32
[]\OT1/cmss/m/n/12 ``Richie's Plank Ex-pe-ri-ence,'' $https : / / store . steampowered . com / app /
 []


Underfull \hbox (badness 10000) in paragraph at lines 34--37
[]\OT1/cmss/m/n/12 ``Steadfast De-fender 24,'' $https : / / www . defense . gov / Spotlights /
 []


Underfull \hbox (badness 10000) in paragraph at lines 44--47
[]\OT1/cmss/m/n/12 ``War Thun-der,'' $https : / / store . steampowered . com / app / 236390 /
 []


Underfull \hbox (badness 3219) in paragraph at lines 50--54
\OT1/cmss/m/n/12 line]. Avail-able: $https : / / cbsaustin . com / news / nation-[]world /
 []


Overfull \hbox (257.5388pt too wide) in paragraph at lines 50--54
\OT1/cmss/m/n/12 utah-[]national-[]guard-[]ah-[]64d-[]apache-[]longbow-[]helicopter-[]involved-[]in-[]training-[]accident-[]west-[]jordan-[]army-[]aviation-[]support-[]facility$ 
 []

LaTeX Font Info:    Font shape `OT1/cmss/m/it' in size <12> not available
(Font)              Font shape `OT1/cmss/m/sl' tried instead on input line 65.

Overfull \hbox (89.4938pt too wide) in paragraph at lines 79--84
\OT1/cmss/m/n/12 fox-[]13-[]investigates-[]how-[]a-[]colonel-[]crashed-[]a-[]utah-[]apache-[]helicopter-[]he-[]wasnt-[]quali^^Led-[]to-[]^^My$ 
 []

[13] [14]
Underfull \hbox (badness 1189) in paragraph at lines 152--156
[]\OT1/cmss/m/n/12 D. Malyasov, ``Bradley fight-ing ve-hi-cle de-stroys rus-
 []


Underfull \hbox (badness 1648) in paragraph at lines 152--156
\OT1/cmss/m/n/12 sia's most ad-vanced tank,'' Jan. 2024, ac-cessed:
 []


Underfull \hbox (badness 1348) in paragraph at lines 152--156
\OT1/cmss/m/n/12 2025-02-27. [On-line]. Avail-able: $https : / / defence-[]blog . com /
 []


Underfull \hbox (badness 10000) in paragraph at lines 192--196
\OT1/cmss/m/n/12 / / assets . publishing . service . gov . uk / media / 5a800dcded915d74e33f82c4 /
 []


Underfull \hbox (badness 10000) in paragraph at lines 199--203
\OT1/cmss/m/n/12 / / assets . publishing . service . gov . uk / media / 66056f6ef9ab410011eea4ec /
 []

) [15] [16] (d:\PhD Computer Science\PhD-Thesis\LaTeX Source Files\phd-thesis.aux)
 ***********
LaTeX2e <2023-06-01> patch level 1
L3 programming layer <2023-08-29>
 ***********
 ) 
Here is how much of TeX's memory you used:
 2304 strings out of 475248
 39263 string characters out of 5756868
 1927785 words of memory out of 5000000
 23819 multiletter control sequences out of 15000+600000
 564528 words of font info for 57 fonts, out of 8000000 for 9000
 1141 hyphenation exceptions out of 8191
 57i,8n,65p,1209b,288s stack positions out of 10000i,1000n,20000p,200000b,200000s
 <C:\Users\Richard\AppData\Local\MiKTeX\fonts/pk/ljfour/jknappen/ec/dpi600\tcss1200.pk><C:/Users/Richard/AppData/Local/Programs/MiKTeX/fonts/type1/public/amsfonts/cm/cmss12.pfb><C:/Users/Richard/AppData/Local/Programs/MiKTeX/fonts/type1/public/amsfonts/cm/cmss17.pfb><C:/Users/Richard/AppData/Local/Programs/MiKTeX/fonts/type1/public/amsfonts/cm/cmssbx10.pfb><C:/Users/Richard/AppData/Local/Programs/MiKTeX/fonts/type1/public/amsfonts/cm/cmssi12.pfb>
Output written on "d:\PhD Computer Science\PhD-Thesis\LaTeX Source Files\phd-thesis.pdf" (16 pages, 950555 bytes).
PDF statistics:
 82 PDF objects out of 1000 (max. 8388607)
 0 named destinations out of 1000 (max. 500000)
 16 words of extra memory for PDF output out of 10000 (max. 10000000)

